2018-12-25 21:21:47 -Starting AppStart on USER-20181019JA with PID 5000 (started by Administrator in N:\新建文件夹\新建文件夹\yyblog-master)
2018-12-25 21:21:47 -Running with Spring Boot v1.5.10.RELEASE, Spring v4.3.14.RELEASE
2018-12-25 21:21:47 -No active profile set, falling back to default profiles: default
2018-12-25 21:21:57 -ApplicationContext registed-->org.springframework.boot.context.embedded.AnnotationConfigEmbeddedWebApplicationContext@2177849e: startup date [Tue Dec 25 21:21:48 CST 2018]; root of context hierarchy
2018-12-25 21:22:18 -==>  Preparing: select id, job_name, description, cron_expression, bean_class, job_status, job_group, create_user, create_time, update_user, update_time from sys_task order by id asc 
2018-12-25 21:22:18 -==> Parameters: 
2018-12-25 21:22:19 -<==      Total: 1
2018-12-25 21:22:19 -Started AppStart in 32.317 seconds (JVM running for 33.267)
2018-12-25 21:22:33 -==>  Preparing: SELECT ID, CODE, VALUE, REMARK FROM T_SETTING 
2018-12-25 21:22:33 -==> Parameters: 
2018-12-25 21:22:34 -<==      Total: 23
2018-12-25 21:22:34 -==>  Preparing: SELECT COUNT(*) FROM T_ARTICLE WHERE DRAFT = false 
2018-12-25 21:22:34 -==> Parameters: 
2018-12-25 21:22:34 -<==      Total: 1
2018-12-25 21:22:34 -==>  Preparing: SELECT ID, CODE, NAME FROM T_CATE ORDER BY ID 
2018-12-25 21:22:34 -==> Parameters: 
2018-12-25 21:22:34 -<==      Total: 4
2018-12-25 21:22:34 -==>  Preparing: select count(0) from (SELECT AT.ID, AT.TITLE, CT.NAME CATE_NAME, AT.CREATE_TIME, AT.DRAFT, AT.APPROVE_CNT, AT.VIEWS, AT.COMMENTED, AT.APPRECIABLE, AT.TOP FROM T_ARTICLE AT LEFT JOIN T_CATE CT ON CT.ID = AT.CATE_ID WHERE AT.DRAFT = false ORDER BY AT.CREATE_TIME DESC) tmp_count 
2018-12-25 21:22:34 -==> Parameters: 
2018-12-25 21:22:34 -<==      Total: 1
2018-12-25 21:22:34 -==>  Preparing: SELECT AT.ID, AT.TITLE, CT.NAME CATE_NAME, AT.CREATE_TIME, AT.DRAFT, AT.APPROVE_CNT, AT.VIEWS, AT.COMMENTED, AT.APPRECIABLE, AT.TOP FROM T_ARTICLE AT LEFT JOIN T_CATE CT ON CT.ID = AT.CATE_ID WHERE AT.DRAFT = false ORDER BY AT.CREATE_TIME DESC LIMIT ? 
2018-12-25 21:22:34 -==> Parameters: 10(Integer)
2018-12-25 21:22:34 -<==      Total: 4
2018-12-25 21:22:34 -==>  Preparing: SELECT TT.NAME, COUNT(TTR.TAG_ID) AS CNT FROM T_TAG_REFER TTR LEFT JOIN T_TAG TT ON TT.ID = TTR.TAG_ID GROUP BY TTR.TAG_ID ORDER BY CNT DESC LIMIT 30 
2018-12-25 21:22:35 -==> Parameters: 
2018-12-25 21:22:35 -<==      Total: 3
2018-12-25 21:22:36 -==>  Preparing: select count(0) from (SELECT DISTINCT AT .ID, AT .TITLE, TC. NAME CATE_NAME, AT .CREATE_TIME, AT.SUMMARY, AT .DRAFT, AT .APPROVE_CNT, AT .VIEWS, AT .COMMENTED, AT .APPRECIABLE, AT .TOP FROM T_ARTICLE AT LEFT JOIN T_CATE TC ON TC.ID = AT .CATE_ID LEFT JOIN T_TAG_REFER TTR ON TTR.REFER_ID = `AT`.ID LEFT JOIN T_TAG TT ON TT.ID = TTR.TAG_ID WHERE AT.DRAFT = false ORDER BY AT.TOP DESC,AT.CREATE_TIME DESC) tmp_count 
2018-12-25 21:22:36 -==> Parameters: 
2018-12-25 21:22:36 -<==      Total: 1
2018-12-25 21:22:36 -==>  Preparing: SELECT DISTINCT AT .ID, AT .TITLE, TC. NAME CATE_NAME, AT .CREATE_TIME, AT.SUMMARY, AT .DRAFT, AT .APPROVE_CNT, AT .VIEWS, AT .COMMENTED, AT .APPRECIABLE, AT .TOP FROM T_ARTICLE AT LEFT JOIN T_CATE TC ON TC.ID = AT .CATE_ID LEFT JOIN T_TAG_REFER TTR ON TTR.REFER_ID = `AT`.ID LEFT JOIN T_TAG TT ON TT.ID = TTR.TAG_ID WHERE AT.DRAFT = false ORDER BY AT.TOP DESC,AT.CREATE_TIME DESC LIMIT ? 
2018-12-25 21:22:36 -==> Parameters: 10(Integer)
2018-12-25 21:22:37 -<==      Total: 4
2018-12-25 21:22:37 -==>  Preparing: SELECT TT.ID, TT.`NAME` FROM T_TAG TT INNER JOIN T_TAG_REFER TTR ON TT.ID = TTR.TAG_ID WHERE TTR.REFER_ID = ? 
2018-12-25 21:22:37 -==> Parameters: 152933278046718(Long)
2018-12-25 21:22:37 -<==      Total: 1
2018-12-25 21:22:37 -==>  Preparing: SELECT TT.ID, TT.`NAME` FROM T_TAG TT INNER JOIN T_TAG_REFER TTR ON TT.ID = TTR.TAG_ID WHERE TTR.REFER_ID = ? 
2018-12-25 21:22:37 -==> Parameters: 153215625734689(Long)
2018-12-25 21:22:37 -<==      Total: 1
2018-12-25 21:22:37 -==>  Preparing: SELECT TT.ID, TT.`NAME` FROM T_TAG TT INNER JOIN T_TAG_REFER TTR ON TT.ID = TTR.TAG_ID WHERE TTR.REFER_ID = ? 
2018-12-25 21:22:37 -==> Parameters: 152776394790103(Long)
2018-12-25 21:22:37 -<==      Total: 1
2018-12-25 21:22:37 -==>  Preparing: SELECT TT.ID, TT.`NAME` FROM T_TAG TT INNER JOIN T_TAG_REFER TTR ON TT.ID = TTR.TAG_ID WHERE TTR.REFER_ID = ? 
2018-12-25 21:22:37 -==> Parameters: 152759704083198(Long)
2018-12-25 21:22:38 -<==      Total: 1
2018-12-25 21:22:42 -请求地址 : http://localhost:8080/login
2018-12-25 21:22:42 -HTTP METHOD : GET
2018-12-25 21:22:42 -CLASS_METHOD : net.laoyeye.yyblog.web.admin.LoginController.login
2018-12-25 21:22:42 -参数 : []
2018-12-25 21:22:42 -耗时 : 12
2018-12-25 21:22:42 -返回值 : management/login
2018-12-25 21:22:44 -请求地址 : http://localhost:8080/login
2018-12-25 21:22:44 -HTTP METHOD : POST
2018-12-25 21:22:44 -CLASS_METHOD : net.laoyeye.yyblog.web.admin.LoginController.login
2018-12-25 21:22:44 -参数 : [admin, 9950bbb272e17f81511df5394decfc2b, null]
2018-12-25 21:22:44 -==>  Preparing: SELECT ID, USERNAME, NICKNAME, PASSWORD, AVATAR, EMAIL, ENABLE, OPEN_ID, WX_OPEN_ID, CREATE_TIME, UPDATE_TIME FROM SYS_USER WHERE USERNAME = ? AND ENABLE = true 
2018-12-25 21:22:44 -==> Parameters: admin(String)
2018-12-25 21:22:44 -<==      Total: 1
2018-12-25 21:22:45 -耗时 : 244
2018-12-25 21:22:45 -返回值 : net.laoyeye.yyblog.common.YYBlogResult@50a991f6
2018-12-25 21:22:45 -==>  Preparing: insert into sys_log (id, user_id, username, operation, time, method, params, params2, ip, create_time) values (?, ?, ?, ?, ?, ?, ?, ?, ?, ?) 
2018-12-25 21:22:45 -==> Parameters: null, 152336334290854(Long), admin(String), 登陆验证(String), 245(Integer), net.laoyeye.yyblog.web.admin.LoginController.login()(String), [admin, 9950bbb272e17f81511df5394decfc2b, null](String), "admin"(String), 0:0:0:0:0:0:0:1(String), 2018-12-25 21:22:45.077(Timestamp)
2018-12-25 21:22:45 -<==    Updates: 1
2018-12-25 21:22:46 -==>  Preparing: SELECT DISTINCT sm.perms FROM sys_menu sm LEFT JOIN sys_role_menu srm ON sm.menu_id = srm.menu_id LEFT JOIN sys_user_role sur ON srm.role_id = sur.role_id WHERE sur.user_id = ? 
2018-12-25 21:22:46 -==> Parameters: 152336334290854(Long)
2018-12-25 21:22:46 -<==      Total: 35
2018-12-25 21:22:46 -请求地址 : http://localhost:8080/management/index
2018-12-25 21:22:46 -HTTP METHOD : GET
2018-12-25 21:22:46 -CLASS_METHOD : net.laoyeye.yyblog.web.admin.IndexController.index
2018-12-25 21:22:46 -参数 : [{}]
2018-12-25 21:22:46 -耗时 : 7
2018-12-25 21:22:46 -返回值 : management/index
2018-12-25 21:22:47 -请求地址 : http://localhost:8080/management/home
2018-12-25 21:22:47 -HTTP METHOD : GET
2018-12-25 21:22:47 -CLASS_METHOD : net.laoyeye.yyblog.web.admin.IndexController.home
2018-12-25 21:22:47 -参数 : [{}]
2018-12-25 21:22:47 -==>  Preparing: SELECT COUNT(*) FROM T_ARTICLE 
2018-12-25 21:22:47 -==> Parameters: 
2018-12-25 21:22:47 -<==      Total: 1
2018-12-25 21:22:47 -==>  Preparing: SELECT COUNT(*) FROM T_NOTE 
2018-12-25 21:22:47 -==> Parameters: 
2018-12-25 21:22:47 -<==      Total: 1
2018-12-25 21:22:47 -==>  Preparing: SELECT COUNT(*) FROM T_COMMENT 
2018-12-25 21:22:47 -==> Parameters: 
2018-12-25 21:22:47 -<==      Total: 1
2018-12-25 21:22:47 -==>  Preparing: SELECT TITLE, SUMMARY, CREATE_TIME FROM T_ARTICLE WHERE DRAFT = 0 ORDER BY CREATE_TIME DESC LIMIT 1 
2018-12-25 21:22:47 -==> Parameters: 
2018-12-25 21:22:47 -<==      Total: 1
2018-12-25 21:22:47 -==>  Preparing: SELECT TITLE, CONTENT, CREATE_TIME FROM T_NOTE ORDER BY CREATE_TIME DESC LIMIT 1 
2018-12-25 21:22:47 -==> Parameters: 
2018-12-25 21:22:48 -<==      Total: 1
2018-12-25 21:22:48 -==>  Preparing: SELECT TC.*, SU.NICKNAME, TA.TITLE FROM T_COMMENT TC, SYS_USER SU, T_ARTICLE TA WHERE SU.ID = TC.USER_ID AND TA.ID = TC.ARTICLE_ID ORDER BY TC.CREATE_TIME DESC LIMIT 1 
2018-12-25 21:22:48 -==> Parameters: 
2018-12-25 21:22:48 -<==      Total: 1
2018-12-25 21:22:48 -==>  Preparing: SELECT ID, CODE, NAME FROM T_CATE ORDER BY ID 
2018-12-25 21:22:48 -==> Parameters: 
2018-12-25 21:22:48 -<==      Total: 4
2018-12-25 21:22:48 -耗时 : 1549
2018-12-25 21:22:48 -返回值 : management/home
2018-12-25 21:22:54 -==>  Preparing: SELECT ID, CODE, VALUE, REMARK FROM T_SETTING 
2018-12-25 21:22:54 -==> Parameters: 
2018-12-25 21:22:54 -<==      Total: 23
2018-12-25 21:22:54 -==>  Preparing: SELECT COUNT(*) FROM T_ARTICLE WHERE DRAFT = false 
2018-12-25 21:22:54 -==> Parameters: 
2018-12-25 21:22:55 -<==      Total: 1
2018-12-25 21:22:55 -==>  Preparing: SELECT ID, CODE, NAME FROM T_CATE ORDER BY ID 
2018-12-25 21:22:55 -==> Parameters: 
2018-12-25 21:22:55 -<==      Total: 4
2018-12-25 21:22:55 -==>  Preparing: select count(0) from (SELECT AT.ID, AT.TITLE, CT.NAME CATE_NAME, AT.CREATE_TIME, AT.DRAFT, AT.APPROVE_CNT, AT.VIEWS, AT.COMMENTED, AT.APPRECIABLE, AT.TOP FROM T_ARTICLE AT LEFT JOIN T_CATE CT ON CT.ID = AT.CATE_ID WHERE AT.DRAFT = false ORDER BY AT.CREATE_TIME DESC) tmp_count 
2018-12-25 21:22:55 -==> Parameters: 
2018-12-25 21:22:55 -<==      Total: 1
2018-12-25 21:22:55 -==>  Preparing: SELECT AT.ID, AT.TITLE, CT.NAME CATE_NAME, AT.CREATE_TIME, AT.DRAFT, AT.APPROVE_CNT, AT.VIEWS, AT.COMMENTED, AT.APPRECIABLE, AT.TOP FROM T_ARTICLE AT LEFT JOIN T_CATE CT ON CT.ID = AT.CATE_ID WHERE AT.DRAFT = false ORDER BY AT.CREATE_TIME DESC LIMIT ? 
2018-12-25 21:22:55 -==> Parameters: 10(Integer)
2018-12-25 21:22:55 -<==      Total: 4
2018-12-25 21:22:55 -==>  Preparing: SELECT TT.NAME, COUNT(TTR.TAG_ID) AS CNT FROM T_TAG_REFER TTR LEFT JOIN T_TAG TT ON TT.ID = TTR.TAG_ID GROUP BY TTR.TAG_ID ORDER BY CNT DESC LIMIT 30 
2018-12-25 21:22:55 -==> Parameters: 
2018-12-25 21:22:56 -<==      Total: 3
2018-12-25 21:22:56 -==>  Preparing: select count(0) from (SELECT DISTINCT AT .ID, AT .TITLE, TC. NAME CATE_NAME, AT .CREATE_TIME, AT.SUMMARY, AT .DRAFT, AT .APPROVE_CNT, AT .VIEWS, AT .COMMENTED, AT .APPRECIABLE, AT .TOP FROM T_ARTICLE AT LEFT JOIN T_CATE TC ON TC.ID = AT .CATE_ID LEFT JOIN T_TAG_REFER TTR ON TTR.REFER_ID = `AT`.ID LEFT JOIN T_TAG TT ON TT.ID = TTR.TAG_ID WHERE AT.DRAFT = false ORDER BY AT.TOP DESC,AT.CREATE_TIME DESC) tmp_count 
2018-12-25 21:22:56 -==> Parameters: 
2018-12-25 21:22:56 -<==      Total: 1
2018-12-25 21:22:56 -==>  Preparing: SELECT DISTINCT AT .ID, AT .TITLE, TC. NAME CATE_NAME, AT .CREATE_TIME, AT.SUMMARY, AT .DRAFT, AT .APPROVE_CNT, AT .VIEWS, AT .COMMENTED, AT .APPRECIABLE, AT .TOP FROM T_ARTICLE AT LEFT JOIN T_CATE TC ON TC.ID = AT .CATE_ID LEFT JOIN T_TAG_REFER TTR ON TTR.REFER_ID = `AT`.ID LEFT JOIN T_TAG TT ON TT.ID = TTR.TAG_ID WHERE AT.DRAFT = false ORDER BY AT.TOP DESC,AT.CREATE_TIME DESC LIMIT ? 
2018-12-25 21:22:56 -==> Parameters: 10(Integer)
2018-12-25 21:22:56 -<==      Total: 4
2018-12-25 21:22:56 -==>  Preparing: SELECT TT.ID, TT.`NAME` FROM T_TAG TT INNER JOIN T_TAG_REFER TTR ON TT.ID = TTR.TAG_ID WHERE TTR.REFER_ID = ? 
2018-12-25 21:22:56 -==> Parameters: 152933278046718(Long)
2018-12-25 21:22:57 -<==      Total: 1
2018-12-25 21:22:57 -==>  Preparing: SELECT TT.ID, TT.`NAME` FROM T_TAG TT INNER JOIN T_TAG_REFER TTR ON TT.ID = TTR.TAG_ID WHERE TTR.REFER_ID = ? 
2018-12-25 21:22:57 -==> Parameters: 153215625734689(Long)
2018-12-25 21:22:57 -<==      Total: 1
2018-12-25 21:22:57 -==>  Preparing: SELECT TT.ID, TT.`NAME` FROM T_TAG TT INNER JOIN T_TAG_REFER TTR ON TT.ID = TTR.TAG_ID WHERE TTR.REFER_ID = ? 
2018-12-25 21:22:57 -==> Parameters: 152776394790103(Long)
2018-12-25 21:22:57 -<==      Total: 1
2018-12-25 21:22:57 -==>  Preparing: SELECT TT.ID, TT.`NAME` FROM T_TAG TT INNER JOIN T_TAG_REFER TTR ON TT.ID = TTR.TAG_ID WHERE TTR.REFER_ID = ? 
2018-12-25 21:22:57 -==> Parameters: 152759704083198(Long)
2018-12-25 21:22:57 -<==      Total: 1
2018-12-25 21:23:06 -==>  Preparing: UPDATE T_ARTICLE SET VIEWS = VIEWS + 1 WHERE ID = ? 
2018-12-25 21:23:06 -==> Parameters: 152759704083198(Long)
2018-12-25 21:23:06 -<==    Updates: 1
2018-12-25 21:23:06 -==>  Preparing: SELECT ID, CODE, VALUE, REMARK FROM T_SETTING 
2018-12-25 21:23:06 -==> Parameters: 
2018-12-25 21:23:06 -<==      Total: 23
2018-12-25 21:23:06 -==>  Preparing: SELECT ID, TITLE, CATE_ID, COVER, SUMMARY, VIEWS, APPROVE_CNT, COMMENTED, APPRECIABLE, DRAFT, TOP, CONTENT, TEXT_CONTENT, AUTHOR_ID, CREATE_TIME, UPDATE_TIME FROM T_ARTICLE WHERE ID = ? 
2018-12-25 21:23:06 -==> Parameters: 152759704083198(Long)
2018-12-25 21:23:07 -<==      Total: 1
2018-12-25 21:23:07 -==>  Preparing: SELECT ID, CODE, NAME FROM T_CATE ORDER BY ID 
2018-12-25 21:23:07 -==> Parameters: 
2018-12-25 21:23:07 -<==      Total: 4
2018-12-25 21:23:07 -==>  Preparing: SELECT TT.NAME FROM T_TAG_REFER TTR LEFT JOIN T_TAG TT ON TT.ID = TTR.TAG_ID WHERE TTR.REFER_ID = ? 
2018-12-25 21:23:07 -==> Parameters: 152759704083198(Long)
2018-12-25 21:23:07 -<==      Total: 1
2018-12-25 21:23:07 -==>  Preparing: SELECT NICKNAME FROM SYS_USER WHERE ID = ? 
2018-12-25 21:23:07 -==> Parameters: 152336334290854(Long)
2018-12-25 21:23:08 -<==      Total: 1
2018-12-25 21:23:08 -==>  Preparing: SELECT AT.ID, AT.TITLE, CT.NAME CATE_NAME, AT.CREATE_TIME, AT.DRAFT, AT.APPROVE_CNT, AT.VIEWS, AT.COMMENTED, AT.APPRECIABLE, AT.TOP FROM T_ARTICLE AT LEFT JOIN T_CATE CT ON CT.ID = AT.CATE_ID WHERE AT.DRAFT = false ORDER BY AT.CREATE_TIME DESC 
2018-12-25 21:23:08 -==> Parameters: 
2018-12-25 21:23:08 -<==      Total: 4
2018-12-25 21:23:08 -==>  Preparing: SELECT AT.ID, AT.TITLE, CT.NAME CATE_NAME, AT.CREATE_TIME, AT.DRAFT, AT.APPROVE_CNT, AT.VIEWS, AT.COMMENTED, AT.APPRECIABLE, AT.TOP FROM T_ARTICLE AT LEFT JOIN T_CATE CT ON CT.ID = AT.CATE_ID WHERE AT.DRAFT = false ORDER BY AT.CREATE_TIME DESC 
2018-12-25 21:23:08 -==> Parameters: 
2018-12-25 21:23:08 -<==      Total: 4
2018-12-25 21:23:08 -==>  Preparing: SELECT count(0) FROM T_COMMENT TC, SYS_USER SU, T_ARTICLE TA WHERE SU.ID = TC.USER_ID AND TA.ID = TC.ARTICLE_ID AND TC.ARTICLE_ID = ? 
2018-12-25 21:23:08 -==> Parameters: 152759704083198(Long)
2018-12-25 21:23:08 -<==      Total: 1
2018-12-25 21:23:08 -==>  Preparing: SELECT TC.*, SU.NICKNAME, SU.AVATAR, TA.TITLE FROM T_COMMENT TC, SYS_USER SU, T_ARTICLE TA WHERE SU.ID = TC.USER_ID AND TA.ID = TC.ARTICLE_ID AND TC.ARTICLE_ID = ? ORDER BY TC.CREATE_TIME ASC LIMIT ? 
2018-12-25 21:23:08 -==> Parameters: 152759704083198(Long), 10(Integer)
2018-12-25 21:23:09 -<==      Total: 2
